<?xml version="1.0" encoding="UTF-8"?>
<testsuite name="svd.SingularValueDecompositionTest" tests="4" skipped="0" failures="0" errors="0" timestamp="2018-06-06T19:37:18" hostname="eduroam-169-233-239-24.ucsc.edu" time="0.007">
  <properties/>
  <testcase name="testGetSingularValues" classname="svd.SingularValueDecompositionTest" time="0.005"/>
  <testcase name="testGetS" classname="svd.SingularValueDecompositionTest" time="0.001"/>
  <testcase name="testGetU" classname="svd.SingularValueDecompositionTest" time="0.0"/>
  <testcase name="testGetV" classname="svd.SingularValueDecompositionTest" time="0.0"/>
  <system-out><![CDATA[
]]></system-out>
  <system-err><![CDATA[]]></system-err>
</testsuite>
