<?xml version="1.0" encoding="UTF-8"?>
<testsuite name="svd.SingularValueDecompositionTest" tests="4" skipped="0" failures="0" errors="0" timestamp="2018-05-28T05:46:22" hostname="eduroam-169-233-250-43.ucsc.edu" time="0.011">
  <properties/>
  <testcase name="testGetSingularValues" classname="svd.SingularValueDecompositionTest" time="0.006"/>
  <testcase name="testGetS" classname="svd.SingularValueDecompositionTest" time="0.0"/>
  <testcase name="testGetU" classname="svd.SingularValueDecompositionTest" time="0.001"/>
  <testcase name="testGetV" classname="svd.SingularValueDecompositionTest" time="0.0"/>
  <system-out><![CDATA[
]]></system-out>
  <system-err><![CDATA[]]></system-err>
</testsuite>
