<?xml version="1.0" encoding="UTF-8"?>
<testsuite name="svd.MatrixTest" tests="8" skipped="0" failures="0" errors="0" timestamp="2018-05-27T22:58:49" hostname="eduroam-169-233-250-43.ucsc.edu" time="0.005">
  <properties/>
  <testcase name="testGetException" classname="svd.MatrixTest" time="0.001"/>
  <testcase name="testGetArray" classname="svd.MatrixTest" time="0.0"/>
  <testcase name="testGet" classname="svd.MatrixTest" time="0.0"/>
  <testcase name="testSet" classname="svd.MatrixTest" time="0.0"/>
  <testcase name="testGetColumnDimension" classname="svd.MatrixTest" time="0.0"/>
  <testcase name="testGetArrayCopy" classname="svd.MatrixTest" time="0.0"/>
  <testcase name="testSetException" classname="svd.MatrixTest" time="0.0"/>
  <testcase name="testGetRowDimension" classname="svd.MatrixTest" time="0.0"/>
  <system-out><![CDATA[]]></system-out>
  <system-err><![CDATA[]]></system-err>
</testsuite>
