<?xml version="1.0" encoding="UTF-8"?>
<testsuite name="svd.MathsTest" tests="1" skipped="0" failures="0" errors="0" timestamp="2018-05-28T05:46:22" hostname="eduroam-169-233-250-43.ucsc.edu" time="0.0">
  <properties/>
  <testcase name="testHypot" classname="svd.MathsTest" time="0.0"/>
  <system-out><![CDATA[]]></system-out>
  <system-err><![CDATA[]]></system-err>
</testsuite>
